<?xml version="1.0" encoding="UTF-8"?>
<!-- Generated by org.testng.reporters.JUnitReportReporter -->
<testsuite hostname="LTIN217458" failures="0" tests="9" name="stepDefinations.FormValidation" time="22.094" errors="0" timestamp="2024-02-29T17:53:58 IST" skipped="0">
  <testcase classname="stepDefinations.FormValidation" name="user_present_on_practo_com_website_three" time="0.107"/>
  <testcase classname="stepDefinations.FormValidation" name="user_clicks_on_for_corporates" time="0.254"/>
  <testcase classname="stepDefinations.FormValidation" name="user_clicks_on_health_and_wellness_plan" time="17.387"/>
  <testcase classname="stepDefinations.FormValidation" name="user_enters_all_non_email_fields_in_the_form" time="1.623"/>
  <testcase classname="stepDefinations.FormValidation" name="user_enters_invalid_email" time="0.169"/>
  <testcase classname="stepDefinations.FormValidation" name="validate_if_schedule_a_demo_button_is_disabled" time="0.732"/>
  <testcase classname="stepDefinations.FormValidation" name="user_enters_valid_email" time="0.517"/>
  <testcase classname="stepDefinations.FormValidation" name="user_clicks_on_schedule_a_demo_button" time="0.896"/>
  <testcase classname="stepDefinations.FormValidation" name="validate_if_thank_you_message_is_displayed" time="0.409"/>
</testsuite> <!-- stepDefinations.FormValidation -->
