<?xml version="1.0" encoding="UTF-8"?>
<!-- Generated by org.testng.reporters.JUnitReportReporter -->
<testsuite hostname="LTIN217458" failures="0" tests="7" name="stepDefinations.DisplayDoctors" time="21.214" errors="0" timestamp="2024-02-29T17:53:58 IST" skipped="0">
  <testcase classname="stepDefinations.DisplayDoctors" name="user_present_on_practo_com_website_one" time="2.464"/>
  <testcase classname="stepDefinations.DisplayDoctors" name="user_enters_city_bangalore_in_seachbox" time="0.946"/>
  <testcase classname="stepDefinations.DisplayDoctors" name="user_clicks_on_bangalore_option" time="0.243"/>
  <testcase classname="stepDefinations.DisplayDoctors" name="user_enters_medical_specialist_cardiologist_in_seachbox" time="0.281"/>
  <testcase classname="stepDefinations.DisplayDoctors" name="user_clicks_on_cardiologist_option" time="4.141"/>
  <testcase classname="stepDefinations.DisplayDoctors" name="user_applies_filters" time="5.264"/>
  <testcase classname="stepDefinations.DisplayDoctors" name="user_displays_the_first_five_doctors" time="7.875"/>
</testsuite> <!-- stepDefinations.DisplayDoctors -->
